<?xml version="1.0" encoding="UTF-8"?>
<!-- Generated by org.testng.reporters.JUnitXMLReporter -->
<testsuite ignored="1" hostname="DESKTOP-J48D0NI" failures="1" tests="30" name="Default test" time="2585.774" errors="0" timestamp="2025-03-22T15:31:06 IST">
  <testcase classname="com.d365.utils.MasterClass" name="@AfterMethod postMethodHandler" time="3.026">
    <failure type="org.openqa.selenium.remote.UnreachableBrowserException" message="Error communicating with the remote browser. It may have died.
Build info: version: &amp;apos;4.17.0&amp;apos;, revision: &amp;apos;e52b1be057*&amp;apos;
System info: os.name: &amp;apos;Windows 11&amp;apos;, os.arch: &amp;apos;amd64&amp;apos;, os.version: &amp;apos;10.0&amp;apos;, java.version: &amp;apos;17.0.8.1&amp;apos;
Driver info: org.openqa.selenium.chrome.ChromeDriver
Command: [84a95c991ffaa8c1c038ded174920601, screenshot []]
Capabilities {acceptInsecureCerts: false, browserName: chrome, browserVersion: 134.0.6998.118, chrome: {chromedriverVersion: 134.0.6998.165 (fd886e2cb29..., userDataDir: C:\Users\lenovo\AppData\Loc...}, fedcm:accounts: true, goog:chromeOptions: {debuggerAddress: localhost:56798}, networkConnectionEnabled: false, pageLoadStrategy: normal, platformName: windows, proxy: Proxy(), se:cdp: ws://localhost:56798/devtoo..., se:cdpVersion: 134.0.6998.118, setWindowRect: true, strictFileInteractability: false, timeouts: {implicit: 0, pageLoad: 300000, script: 30000}, unhandledPromptBehavior: dismiss and notify, webauthn:extension:credBlob: true, webauthn:extension:largeBlob: true, webauthn:extension:minPinLength: true, webauthn:extension:prf: true, webauthn:virtualAuthenticators: true}
Session ID: 84a95c991ffaa8c1c038ded174920601">
      <![CDATA[org.openqa.selenium.remote.UnreachableBrowserException: Error communicating with the remote browser. It may have died.
Build info: version: '4.17.0', revision: 'e52b1be057*'
System info: os.name: 'Windows 11', os.arch: 'amd64', os.version: '10.0', java.version: '17.0.8.1'
Driver info: org.openqa.selenium.chrome.ChromeDriver
Command: [84a95c991ffaa8c1c038ded174920601, screenshot []]
Capabilities {acceptInsecureCerts: false, browserName: chrome, browserVersion: 134.0.6998.118, chrome: {chromedriverVersion: 134.0.6998.165 (fd886e2cb29..., userDataDir: C:\Users\lenovo\AppData\Loc...}, fedcm:accounts: true, goog:chromeOptions: {debuggerAddress: localhost:56798}, networkConnectionEnabled: false, pageLoadStrategy: normal, platformName: windows, proxy: Proxy(), se:cdp: ws://localhost:56798/devtoo..., se:cdpVersion: 134.0.6998.118, setWindowRect: true, strictFileInteractability: false, timeouts: {implicit: 0, pageLoad: 300000, script: 30000}, unhandledPromptBehavior: dismiss and notify, webauthn:extension:credBlob: true, webauthn:extension:largeBlob: true, webauthn:extension:minPinLength: true, webauthn:extension:prf: true, webauthn:virtualAuthenticators: true}
Session ID: 84a95c991ffaa8c1c038ded174920601
at org.openqa.selenium.remote.RemoteWebDriver.execute(RemoteWebDriver.java:546)
at org.openqa.selenium.remote.RemoteWebDriver.execute(RemoteWebDriver.java:592)
at org.openqa.selenium.remote.RemoteWebDriver.execute(RemoteWebDriver.java:596)
at org.openqa.selenium.remote.RemoteWebDriver.getScreenshotAs(RemoteWebDriver.java:322)
at com.sharedutils.ReportsHelper.takeScreenshot(ReportsHelper.java:250)
at com.sharedutils.ReportsHelper.tearDown(ReportsHelper.java:287)
at com.d365.utils.MasterClass.postMethodHandler(MasterClass.java:43)
at java.base/jdk.internal.reflect.NativeMethodAccessorImpl.invoke0(Native Method)
at java.base/jdk.internal.reflect.NativeMethodAccessorImpl.invoke(NativeMethodAccessorImpl.java:77)
at java.base/jdk.internal.reflect.DelegatingMethodAccessorImpl.invoke(DelegatingMethodAccessorImpl.java:43)
at java.base/java.lang.reflect.Method.invoke(Method.java:568)
at org.testng.internal.MethodInvocationHelper.invokeMethod(MethodInvocationHelper.java:133)
at org.testng.internal.MethodInvocationHelper.invokeMethodConsideringTimeout(MethodInvocationHelper.java:62)
at org.testng.internal.ConfigInvoker.invokeConfigurationMethod(ConfigInvoker.java:385)
at org.testng.internal.ConfigInvoker.invokeConfigurations(ConfigInvoker.java:321)
at org.testng.internal.TestInvoker.runConfigMethods(TestInvoker.java:700)
at org.testng.internal.TestInvoker.runAfterGroupsConfigurations(TestInvoker.java:676)
at org.testng.internal.TestInvoker.invokeMethod(TestInvoker.java:660)
at org.testng.internal.TestInvoker.invokeTestMethod(TestInvoker.java:173)
at org.testng.internal.MethodRunner.runInSequence(MethodRunner.java:46)
at org.testng.internal.TestInvoker$MethodInvocationAgent.invoke(TestInvoker.java:824)
at org.testng.internal.TestInvoker.invokeTestMethods(TestInvoker.java:146)
at org.testng.internal.TestMethodWorker.invokeTestMethods(TestMethodWorker.java:146)
at org.testng.internal.TestMethodWorker.run(TestMethodWorker.java:128)
at java.base/java.util.ArrayList.forEach(ArrayList.java:1511)
at org.testng.TestRunner.privateRun(TestRunner.java:794)
at org.testng.TestRunner.run(TestRunner.java:596)
at org.testng.SuiteRunner.runTest(SuiteRunner.java:377)
at org.testng.SuiteRunner.runSequentially(SuiteRunner.java:371)
at org.testng.SuiteRunner.privateRun(SuiteRunner.java:332)
at org.testng.SuiteRunner.run(SuiteRunner.java:276)
at org.testng.SuiteRunnerWorker.runSuite(SuiteRunnerWorker.java:53)
at org.testng.SuiteRunnerWorker.run(SuiteRunnerWorker.java:96)
at org.testng.TestNG.runSuitesSequentially(TestNG.java:1212)
at org.testng.TestNG.runSuitesLocally(TestNG.java:1134)
at org.testng.TestNG.runSuites(TestNG.java:1063)
at org.testng.TestNG.run(TestNG.java:1031)
at org.testng.remote.AbstractRemoteTestNG.run(AbstractRemoteTestNG.java:115)
at org.testng.remote.RemoteTestNG.initAndRun(RemoteTestNG.java:293)
at org.testng.remote.RemoteTestNG.main(RemoteTestNG.java:91)
Caused by: java.io.UncheckedIOException: java.net.ConnectException
at org.openqa.selenium.remote.http.jdk.JdkHttpClient.execute0(JdkHttpClient.java:442)
at org.openqa.selenium.remote.http.AddSeleniumUserAgent.lambda$apply$0(AddSeleniumUserAgent.java:42)
at org.openqa.selenium.remote.http.Filter.lambda$andFinally$1(Filter.java:55)
at org.openqa.selenium.remote.http.jdk.JdkHttpClient.execute(JdkHttpClient.java:358)
at org.openqa.selenium.remote.HttpCommandExecutor.execute(HttpCommandExecutor.java:187)
at org.openqa.selenium.remote.service.DriverCommandExecutor.invokeExecute(DriverCommandExecutor.java:216)
at org.openqa.selenium.remote.service.DriverCommandExecutor.execute(DriverCommandExecutor.java:174)
at org.openqa.selenium.remote.RemoteWebDriver.execute(RemoteWebDriver.java:519)
... 39 more
Caused by: java.net.ConnectException
at java.net.http/jdk.internal.net.http.common.Utils.toConnectException(Utils.java:1055)
at java.net.http/jdk.internal.net.http.PlainHttpConnection.connectAsync(PlainHttpConnection.java:198)
at java.net.http/jdk.internal.net.http.PlainHttpConnection.checkRetryConnect(PlainHttpConnection.java:230)
at java.net.http/jdk.internal.net.http.PlainHttpConnection.lambda$connectAsync$1(PlainHttpConnection.java:206)
at java.base/java.util.concurrent.CompletableFuture.uniHandle(CompletableFuture.java:934)
at java.base/java.util.concurrent.CompletableFuture$UniHandle.tryFire(CompletableFuture.java:911)
at java.base/java.util.concurrent.CompletableFuture.postComplete(CompletableFuture.java:510)
at java.base/java.util.concurrent.CompletableFuture$AsyncSupply.run(CompletableFuture.java:1773)
at java.base/java.util.concurrent.ThreadPoolExecutor.runWorker(ThreadPoolExecutor.java:1136)
at java.base/java.util.concurrent.ThreadPoolExecutor$Worker.run(ThreadPoolExecutor.java:635)
at java.base/java.lang.Thread.run(Thread.java:833)
Caused by: java.nio.channels.ClosedChannelException
at java.base/sun.nio.ch.SocketChannelImpl.ensureOpen(SocketChannelImpl.java:195)
at java.base/sun.nio.ch.SocketChannelImpl.beginConnect(SocketChannelImpl.java:760)
at java.base/sun.nio.ch.SocketChannelImpl.connect(SocketChannelImpl.java:848)
at java.net.http/jdk.internal.net.http.PlainHttpConnection.lambda$connectAsync$0(PlainHttpConnection.java:183)
at java.base/java.security.AccessController.doPrivileged(AccessController.java:569)
at java.net.http/jdk.internal.net.http.PlainHttpConnection.connectAsync(PlainHttpConnection.java:185)
... 9 more
]]>
    </failure>
  </testcase> <!-- @AfterMethod postMethodHandler -->
  <testcase classname="com.d365.utils.MasterClass" name="@AfterMethod postMethodHandler" time="-1.742637666328E9">
    <skipped/>
  </testcase> <!-- @AfterMethod postMethodHandler -->
  <testcase classname="com.d365.utils.MasterClass" name="@AfterMethod postMethodHandler" time="-1.742637666335E9">
    <skipped/>
  </testcase> <!-- @AfterMethod postMethodHandler -->
  <testcase classname="com.d365.utils.MasterClass" name="@AfterMethod postMethodHandler" time="-1.742637666339E9">
    <skipped/>
  </testcase> <!-- @AfterMethod postMethodHandler -->
  <testcase classname="com.d365.utils.MasterClass" name="@AfterMethod postMethodHandler" time="-1.742637666345E9">
    <skipped/>
  </testcase> <!-- @AfterMethod postMethodHandler -->
  <testcase classname="com.d365.utils.MasterClass" name="@AfterMethod postMethodHandler" time="-1.742637666349E9">
    <skipped/>
  </testcase> <!-- @AfterMethod postMethodHandler -->
  <testcase classname="com.d365.utils.MasterClass" name="@AfterMethod postMethodHandler" time="-1.742637666351E9">
    <skipped/>
  </testcase> <!-- @AfterMethod postMethodHandler -->
  <testcase classname="com.d365.utils.MasterClass" name="@AfterMethod postMethodHandler" time="-1.742637666354E9">
    <skipped/>
  </testcase> <!-- @AfterMethod postMethodHandler -->
  <testcase classname="com.d365.utils.MasterClass" name="@AfterMethod postMethodHandler" time="-1.74263766636E9">
    <skipped/>
  </testcase> <!-- @AfterMethod postMethodHandler -->
  <testcase classname="com.d365.utils.MasterClass" name="@AfterMethod postMethodHandler" time="-1.742637666361E9">
    <skipped/>
  </testcase> <!-- @AfterMethod postMethodHandler -->
  <testcase classname="com.d365.utils.MasterClass" name="@AfterMethod postMethodHandler" time="-1.742637666363E9">
    <skipped/>
  </testcase> <!-- @AfterMethod postMethodHandler -->
  <testcase classname="com.d365.utils.MasterClass" name="@AfterMethod postMethodHandler" time="-1.742637666364E9">
    <skipped/>
  </testcase> <!-- @AfterMethod postMethodHandler -->
  <testcase classname="com.d365.utils.MasterClass" name="@AfterMethod postMethodHandler" time="-1.742637666366E9">
    <skipped/>
  </testcase> <!-- @AfterMethod postMethodHandler -->
  <testcase classname="com.d365.utils.MasterClass" name="@AfterMethod postMethodHandler" time="-1.742637666368E9">
    <skipped/>
  </testcase> <!-- @AfterMethod postMethodHandler -->
  <testcase classname="com.d365.utils.MasterClass" name="@AfterMethod postMethodHandler" time="-1.742637666613E9">
    <skipped/>
  </testcase> <!-- @AfterMethod postMethodHandler -->
  <testcase classname="com.d365.utils.MasterClass" name="@AfterMethod postMethodHandler" time="-1.742637666617E9">
    <skipped/>
  </testcase> <!-- @AfterMethod postMethodHandler -->
  <testcase classname="com.d365.testlayer.RunReprintingOfLabel" name="PostF" time="61.811"/>
  <testcase classname="com.d365.testlayer.RunReprintingOfLabel" name="addCollectionCode" time="78.541"/>
  <testcase classname="com.d365.testlayer.RunReprintingOfLabel" name="addHmPcs" time="77.251"/>
  <testcase classname="com.d365.testlayer.RunReprintingOfLabel" name="addRateMRPSterlingSilver" time="254.062"/>
  <testcase classname="com.d365.testlayer.RunReprintingOfLabel" name="addRateOrnament" time="87.621"/>
  <testcase classname="com.d365.testlayer.RunReprintingOfLabel" name="addSize" time="52.4"/>
  <testcase classname="com.d365.testlayer.RunReprintingOfLabel" name="attributeValidateFields" time="52.662"/>
  <testcase classname="com.d365.testlayer.RunReprintingOfLabel" name="changeSubsmith" time="52.565"/>
  <testcase classname="com.d365.testlayer.RunReprintingOfLabel" name="itemidMRPSterlingSilverFields" time="216.357"/>
  <testcase classname="com.d365.testlayer.RunReprintingOfLabel" name="itemidOrnamentFields" time="30.179"/>
  <testcase classname="com.d365.testlayer.RunReprintingOfLabel" name="negativeCertificateNo" time="301.273"/>
  <testcase classname="com.d365.testlayer.RunReprintingOfLabel" name="negativeCollectionCode" time="304.192"/>
  <testcase classname="com.d365.testlayer.RunReprintingOfLabel" name="negativeDesignCode" time="305.007"/>
  <testcase classname="com.d365.testlayer.RunReprintingOfLabel" name="negativeHmPcs" time="618.895"/>
  <testcase classname="com.d365.testlayer.RunReprintingOfLabel" name="negativeOrnament" time="36.695">
    <failure type="org.openqa.selenium.remote.UnreachableBrowserException" message="Error communicating with the remote browser. It may have died.
Build info: version: &amp;apos;4.17.0&amp;apos;, revision: &amp;apos;e52b1be057*&amp;apos;
System info: os.name: &amp;apos;Windows 11&amp;apos;, os.arch: &amp;apos;amd64&amp;apos;, os.version: &amp;apos;10.0&amp;apos;, java.version: &amp;apos;17.0.8.1&amp;apos;
Driver info: org.openqa.selenium.chrome.ChromeDriver
Command: [84a95c991ffaa8c1c038ded174920601, findElement [value, using]]
Capabilities {acceptInsecureCerts: false, browserName: chrome, browserVersion: 134.0.6998.118, chrome: {chromedriverVersion: 134.0.6998.165 (fd886e2cb29..., userDataDir: C:\Users\lenovo\AppData\Loc...}, fedcm:accounts: true, goog:chromeOptions: {debuggerAddress: localhost:56798}, networkConnectionEnabled: false, pageLoadStrategy: normal, platformName: windows, proxy: Proxy(), se:cdp: ws://localhost:56798/devtoo..., se:cdpVersion: 134.0.6998.118, setWindowRect: true, strictFileInteractability: false, timeouts: {implicit: 0, pageLoad: 300000, script: 30000}, unhandledPromptBehavior: dismiss and notify, webauthn:extension:credBlob: true, webauthn:extension:largeBlob: true, webauthn:extension:minPinLength: true, webauthn:extension:prf: true, webauthn:virtualAuthenticators: true}
Session ID: 84a95c991ffaa8c1c038ded174920601">
      <![CDATA[org.openqa.selenium.remote.UnreachableBrowserException: Error communicating with the remote browser. It may have died.
Build info: version: '4.17.0', revision: 'e52b1be057*'
System info: os.name: 'Windows 11', os.arch: 'amd64', os.version: '10.0', java.version: '17.0.8.1'
Driver info: org.openqa.selenium.chrome.ChromeDriver
Command: [84a95c991ffaa8c1c038ded174920601, findElement [value, using]]
Capabilities {acceptInsecureCerts: false, browserName: chrome, browserVersion: 134.0.6998.118, chrome: {chromedriverVersion: 134.0.6998.165 (fd886e2cb29..., userDataDir: C:\Users\lenovo\AppData\Loc...}, fedcm:accounts: true, goog:chromeOptions: {debuggerAddress: localhost:56798}, networkConnectionEnabled: false, pageLoadStrategy: normal, platformName: windows, proxy: Proxy(), se:cdp: ws://localhost:56798/devtoo..., se:cdpVersion: 134.0.6998.118, setWindowRect: true, strictFileInteractability: false, timeouts: {implicit: 0, pageLoad: 300000, script: 30000}, unhandledPromptBehavior: dismiss and notify, webauthn:extension:credBlob: true, webauthn:extension:largeBlob: true, webauthn:extension:minPinLength: true, webauthn:extension:prf: true, webauthn:virtualAuthenticators: true}
Session ID: 84a95c991ffaa8c1c038ded174920601
at org.openqa.selenium.remote.RemoteWebDriver.execute(RemoteWebDriver.java:546)
at org.openqa.selenium.remote.ElementLocation$ElementFinder$2.findElement(ElementLocation.java:165)
at org.openqa.selenium.remote.ElementLocation.findElement(ElementLocation.java:59)
at org.openqa.selenium.remote.RemoteWebDriver.findElement(RemoteWebDriver.java:356)
at org.openqa.selenium.remote.RemoteWebDriver.findElement(RemoteWebDriver.java:350)
at org.openqa.selenium.support.pagefactory.DefaultElementLocator.findElement(DefaultElementLocator.java:68)
at org.openqa.selenium.support.pagefactory.internal.LocatingElementHandler.invoke(LocatingElementHandler.java:38)
at jdk.proxy2/jdk.proxy2.$Proxy15.isDisplayed(Unknown Source)
at com.d365.utils.ProjectFunctions.getResults(ProjectFunctions.java:583)
at com.d365.testlayer.RunReprintingOfLabel.negativeOrnament(RunReprintingOfLabel.java:165)
at java.base/jdk.internal.reflect.NativeMethodAccessorImpl.invoke0(Native Method)
at java.base/jdk.internal.reflect.NativeMethodAccessorImpl.invoke(NativeMethodAccessorImpl.java:77)
at java.base/jdk.internal.reflect.DelegatingMethodAccessorImpl.invoke(DelegatingMethodAccessorImpl.java:43)
at java.base/java.lang.reflect.Method.invoke(Method.java:568)
at org.testng.internal.MethodInvocationHelper.invokeMethod(MethodInvocationHelper.java:133)
at org.testng.internal.TestInvoker.invokeMethod(TestInvoker.java:598)
at org.testng.internal.TestInvoker.invokeTestMethod(TestInvoker.java:173)
at org.testng.internal.MethodRunner.runInSequence(MethodRunner.java:46)
at org.testng.internal.TestInvoker$MethodInvocationAgent.invoke(TestInvoker.java:824)
at org.testng.internal.TestInvoker.invokeTestMethods(TestInvoker.java:146)
at org.testng.internal.TestMethodWorker.invokeTestMethods(TestMethodWorker.java:146)
at org.testng.internal.TestMethodWorker.run(TestMethodWorker.java:128)
at java.base/java.util.ArrayList.forEach(ArrayList.java:1511)
at org.testng.TestRunner.privateRun(TestRunner.java:794)
at org.testng.TestRunner.run(TestRunner.java:596)
at org.testng.SuiteRunner.runTest(SuiteRunner.java:377)
at org.testng.SuiteRunner.runSequentially(SuiteRunner.java:371)
at org.testng.SuiteRunner.privateRun(SuiteRunner.java:332)
at org.testng.SuiteRunner.run(SuiteRunner.java:276)
at org.testng.SuiteRunnerWorker.runSuite(SuiteRunnerWorker.java:53)
at org.testng.SuiteRunnerWorker.run(SuiteRunnerWorker.java:96)
at org.testng.TestNG.runSuitesSequentially(TestNG.java:1212)
at org.testng.TestNG.runSuitesLocally(TestNG.java:1134)
at org.testng.TestNG.runSuites(TestNG.java:1063)
at org.testng.TestNG.run(TestNG.java:1031)
at org.testng.remote.AbstractRemoteTestNG.run(AbstractRemoteTestNG.java:115)
at org.testng.remote.RemoteTestNG.initAndRun(RemoteTestNG.java:293)
at org.testng.remote.RemoteTestNG.main(RemoteTestNG.java:91)
Caused by: java.io.UncheckedIOException: java.io.IOException: HTTP/1.1 header parser received no bytes
at org.openqa.selenium.remote.http.jdk.JdkHttpClient.execute0(JdkHttpClient.java:442)
at org.openqa.selenium.remote.http.AddSeleniumUserAgent.lambda$apply$0(AddSeleniumUserAgent.java:42)
at org.openqa.selenium.remote.http.Filter.lambda$andFinally$1(Filter.java:55)
at org.openqa.selenium.remote.http.jdk.JdkHttpClient.execute(JdkHttpClient.java:358)
at org.openqa.selenium.remote.HttpCommandExecutor.execute(HttpCommandExecutor.java:187)
at org.openqa.selenium.remote.service.DriverCommandExecutor.invokeExecute(DriverCommandExecutor.java:216)
at org.openqa.selenium.remote.service.DriverCommandExecutor.execute(DriverCommandExecutor.java:174)
at org.openqa.selenium.remote.RemoteWebDriver.execute(RemoteWebDriver.java:519)
... 37 more
Caused by: java.io.IOException: HTTP/1.1 header parser received no bytes
at java.net.http/jdk.internal.net.http.common.Utils.wrapWithExtraDetail(Utils.java:348)
at java.net.http/jdk.internal.net.http.Http1Response$HeadersReader.onReadError(Http1Response.java:675)
at java.net.http/jdk.internal.net.http.Http1AsyncReceiver.checkForErrors(Http1AsyncReceiver.java:302)
at java.net.http/jdk.internal.net.http.Http1AsyncReceiver.flush(Http1AsyncReceiver.java:268)
at java.net.http/jdk.internal.net.http.common.SequentialScheduler$LockingRestartableTask.run(SequentialScheduler.java:205)
at java.net.http/jdk.internal.net.http.common.SequentialScheduler$CompleteRestartableTask.run(SequentialScheduler.java:149)
at java.net.http/jdk.internal.net.http.common.SequentialScheduler$SchedulableTask.run(SequentialScheduler.java:230)
at java.base/java.util.concurrent.ThreadPoolExecutor.runWorker(ThreadPoolExecutor.java:1136)
at java.base/java.util.concurrent.ThreadPoolExecutor$Worker.run(ThreadPoolExecutor.java:635)
at java.base/java.lang.Thread.run(Thread.java:833)
Caused by: java.net.SocketException: Connection reset
at java.base/sun.nio.ch.SocketChannelImpl.throwConnectionReset(SocketChannelImpl.java:394)
at java.base/sun.nio.ch.SocketChannelImpl.read(SocketChannelImpl.java:426)
at java.net.http/jdk.internal.net.http.SocketTube.readAvailable(SocketTube.java:1170)
at java.net.http/jdk.internal.net.http.SocketTube$InternalReadPublisher$InternalReadSubscription.read(SocketTube.java:833)
at java.net.http/jdk.internal.net.http.SocketTube$SocketFlowTask.run(SocketTube.java:181)
at java.net.http/jdk.internal.net.http.common.SequentialScheduler$SchedulableTask.run(SequentialScheduler.java:230)
at java.net.http/jdk.internal.net.http.common.SequentialScheduler.runOrSchedule(SequentialScheduler.java:303)
at java.net.http/jdk.internal.net.http.common.SequentialScheduler.runOrSchedule(SequentialScheduler.java:256)
at java.net.http/jdk.internal.net.http.SocketTube$InternalReadPublisher$InternalReadSubscription.signalReadable(SocketTube.java:774)
at java.net.http/jdk.internal.net.http.SocketTube$InternalReadPublisher$ReadEvent.signalEvent(SocketTube.java:957)
at java.net.http/jdk.internal.net.http.SocketTube$SocketFlowEvent.handle(SocketTube.java:253)
at java.net.http/jdk.internal.net.http.HttpClientImpl$SelectorManager.handleEvent(HttpClientImpl.java:979)
at java.net.http/jdk.internal.net.http.HttpClientImpl$SelectorManager.lambda$run$3(HttpClientImpl.java:934)
at java.base/java.util.ArrayList.forEach(ArrayList.java:1511)
at java.net.http/jdk.internal.net.http.HttpClientImpl$SelectorManager.run(HttpClientImpl.java:934)
]]>
    </failure>
  </testcase> <!-- negativeOrnament -->
  <testcase classname="com.d365.testlayer.RunReprintingOfLabel" name="negativeRateOrnament" time="0.0">
    <skipped/>
  </testcase> <!-- negativeRateOrnament -->
  <testcase classname="com.d365.testlayer.RunReprintingOfLabel" name="negativeSubsmith" time="0.0">
    <skipped/>
  </testcase> <!-- negativeSubsmith -->
  <testcase classname="com.d365.testlayer.RunReprintingOfLabel" name="ornamentValidateField" time="0.0">
    <skipped/>
  </testcase> <!-- ornamentValidateField -->
  <testcase classname="com.d365.testlayer.RunReprintingOfLabel" name="post" time="0.0">
    <skipped/>
  </testcase> <!-- post -->
  <testcase classname="com.d365.testlayer.RunReprintingOfLabel" name="postDesigncode" time="0.0">
    <skipped/>
  </testcase> <!-- postDesigncode -->
  <testcase classname="com.d365.testlayer.RunReprintingOfLabel" name="rateOrnamentFields" time="0.0">
    <skipped/>
  </testcase> <!-- rateOrnamentFields -->
  <testcase classname="com.d365.testlayer.RunReprintingOfLabel" name="selectDropdownLocation" time="0.0">
    <skipped/>
  </testcase> <!-- selectDropdownLocation -->
  <testcase classname="com.d365.testlayer.RunReprintingOfLabel" name="validate" time="0.0">
    <skipped/>
  </testcase> <!-- validate -->
  <testcase classname="com.d365.testlayer.RunReprintingOfLabel" name="validateAttributeChangeDropdownList" time="0.0">
    <skipped/>
  </testcase> <!-- validateAttributeChangeDropdownList -->
  <testcase classname="com.d365.testlayer.RunReprintingOfLabel" name="validateDeisgnCode" time="0.0">
    <skipped/>
  </testcase> <!-- validateDeisgnCode -->
  <testcase classname="com.d365.testlayer.RunReprintingOfLabel" name="validateF" time="0.0">
    <skipped/>
  </testcase> <!-- validateF -->
  <testcase classname="com.d365.testlayer.RunReprintingOfLabel" name="validateHmPcs" time="0.0">
    <skipped/>
  </testcase> <!-- validateHmPcs -->
  <testcase classname="com.d365.testlayer.RunReprintingOfLabel" name="validateRepritingdropdownList" time="0.0">
    <skipped/>
  </testcase> <!-- validateRepritingdropdownList -->
  <testcase classname="com.d365.testlayer.RunReprintingOfLabel" name="validateSingleSelectionDropdownLocation" time="0.0">
    <skipped/>
  </testcase> <!-- validateSingleSelectionDropdownLocation -->
  <testcase classname="com.d365.testlayer.RunReprintingOfLabel" name="withoutEnterSubsmith" time="0.0">
    <skipped/>
  </testcase> <!-- withoutEnterSubsmith -->
  <testcase classname="com.d365.testlayer.RunReprintingOfLabel" name="editCategory" time="0.0">
    <ignored/>
  </testcase> <!-- editCategory -->
</testsuite> <!-- Default test -->
