<?xml version="1.0" encoding="UTF-8"?>
<!-- Generated by org.testng.reporters.JUnitReportReporter -->
<testsuite hostname="DESKTOP-J48D0NI" failures="0" tests="10" name="com.d365.testlayer.RunMonthlySavingSchemeDefaulterList" time="3.466" errors="1" timestamp="2025-04-08T14:20:15 IST" skipped="9">
  <testcase classname="com.d365.testlayer.RunMonthlySavingSchemeDefaulterList" name="mandatoryFields" time="0.000">
    <skipped/>
  </testcase> <!-- mandatoryFields -->
  <system-out/>
  <testcase classname="com.d365.testlayer.RunMonthlySavingSchemeDefaulterList" name="validateDefaulterListReport" time="0.000">
    <skipped/>
  </testcase> <!-- validateDefaulterListReport -->
  <system-out/>
  <testcase classname="com.d365.testlayer.RunMonthlySavingSchemeDefaulterList" name="mandatoryFieldForStore" time="0.000">
    <skipped/>
  </testcase> <!-- mandatoryFieldForStore -->
  <system-out/>
  <testcase classname="com.d365.testlayer.RunMonthlySavingSchemeDefaulterList" name="navigationDefaulterListReport" time="0.000">
    <skipped/>
  </testcase> <!-- navigationDefaulterListReport -->
  <system-out/>
  <testcase classname="com.d365.testlayer.RunMonthlySavingSchemeDefaulterList" name="validateDefaulterListReportLess" time="0.000">
    <skipped/>
  </testcase> <!-- validateDefaulterListReportLess -->
  <system-out/>
  <testcase classname="com.d365.testlayer.RunMonthlySavingSchemeDefaulterList" name="validationFromDate" time="0.000">
    <skipped/>
  </testcase> <!-- validationFromDate -->
  <system-out/>
  <testcase classname="com.d365.testlayer.RunMonthlySavingSchemeDefaulterList" name="preSuiteHandler" time="3.466">
    <error message="Input must be set" type="java.lang.IllegalArgumentException">
      <![CDATA[java.lang.IllegalArgumentException: Input must be set
at org.openqa.selenium.internal.Require.nonNull(Require.java:60)
at org.openqa.selenium.support.ui.FluentWait.<init>(FluentWait.java:92)
at org.openqa.selenium.support.ui.WebDriverWait.<init>(WebDriverWait.java:74)
at org.openqa.selenium.support.ui.WebDriverWait.<init>(WebDriverWait.java:43)
at com.pos.pagelayer.CardReceiptPage.<init>(CardReceiptPage.java:18)
at com.d365.utils.ProjectFunctions.pageInitialiazation(ProjectFunctions.java:230)
at com.d365.utils.MasterClass.preSuiteHandler(MasterClass.java:35)
at java.base/jdk.internal.reflect.NativeMethodAccessorImpl.invoke0(Native Method)
at java.base/jdk.internal.reflect.NativeMethodAccessorImpl.invoke(NativeMethodAccessorImpl.java:77)
at java.base/jdk.internal.reflect.DelegatingMethodAccessorImpl.invoke(DelegatingMethodAccessorImpl.java:43)
at java.base/java.lang.reflect.Method.invoke(Method.java:568)
at org.testng.internal.MethodInvocationHelper.invokeMethod(MethodInvocationHelper.java:133)
at org.testng.internal.MethodInvocationHelper.invokeMethodConsideringTimeout(MethodInvocationHelper.java:62)
at org.testng.internal.ConfigInvoker.invokeConfigurationMethod(ConfigInvoker.java:385)
at org.testng.internal.ConfigInvoker.invokeConfigurations(ConfigInvoker.java:321)
at org.testng.SuiteRunner.privateRun(SuiteRunner.java:317)
at org.testng.SuiteRunner.run(SuiteRunner.java:276)
at org.testng.SuiteRunnerWorker.runSuite(SuiteRunnerWorker.java:53)
at org.testng.SuiteRunnerWorker.run(SuiteRunnerWorker.java:96)
at org.testng.TestNG.runSuitesSequentially(TestNG.java:1212)
at org.testng.TestNG.runSuitesLocally(TestNG.java:1134)
at org.testng.TestNG.runSuites(TestNG.java:1063)
at org.testng.TestNG.run(TestNG.java:1031)
at org.testng.remote.AbstractRemoteTestNG.run(AbstractRemoteTestNG.java:115)
at org.testng.remote.RemoteTestNG.initAndRun(RemoteTestNG.java:293)
at org.testng.remote.RemoteTestNG.main(RemoteTestNG.java:91)
]]>
    </error>
  </testcase> <!-- preSuiteHandler -->
  <system-out/>
  <testcase classname="com.d365.testlayer.RunMonthlySavingSchemeDefaulterList" name="multipleSelectionStoreDefaulterListReport" time="0.000">
    <skipped/>
  </testcase> <!-- multipleSelectionStoreDefaulterListReport -->
  <system-out/>
  <testcase classname="com.d365.testlayer.RunMonthlySavingSchemeDefaulterList" name="validateDefaulterListReportExcess" time="0.000">
    <skipped/>
  </testcase> <!-- validateDefaulterListReportExcess -->
  <system-out/>
  <testcase classname="com.d365.testlayer.RunMonthlySavingSchemeDefaulterList" name="validationToDate" time="0.000">
    <skipped/>
  </testcase> <!-- validationToDate -->
  <system-out/>
</testsuite> <!-- com.d365.testlayer.RunMonthlySavingSchemeDefaulterList -->
